Using pre-set license
Built from '2021.3/staging' branch; Version is '2021.3.22f1 (b6c551784ba3) revision 11978065'; Using compiler version '192829333'; Build Type 'Release'
OS: 'Windows 11  (10.0.22621) 64bit CoreSingleLanguage' Language: 'en' Physical Memory: 7997 MB
BatchMode: 1, IsHumanControllingUs: 0, StartBugReporterOnCrash: 0, Is64bit: 1, IsPro: 1

COMMAND LINE ARGUMENTS:
C:\Program Files\Unity\2021.3.22f1\Editor\Unity.exe
-adb2
-batchMode
-noUpm
-name
AssetImportWorker1
-projectPath
E:/PTUDGame/Solitaire
-logFile
Logs/AssetImportWorker1.log
-srvPort
50346
Successfully changed project path to: E:/PTUDGame/Solitaire
E:/PTUDGame/Solitaire
[UnityMemory] Configuration Parameters - Can be set up in boot.config
    "memorysetup-bucket-allocator-granularity=16"
    "memorysetup-bucket-allocator-bucket-count=8"
    "memorysetup-bucket-allocator-block-size=33554432"
    "memorysetup-bucket-allocator-block-count=8"
    "memorysetup-main-allocator-block-size=16777216"
    "memorysetup-thread-allocator-block-size=16777216"
    "memorysetup-gfx-main-allocator-block-size=16777216"
    "memorysetup-gfx-thread-allocator-block-size=16777216"
    "memorysetup-cache-allocator-block-size=4194304"
    "memorysetup-typetree-allocator-block-size=2097152"
    "memorysetup-profiler-bucket-allocator-granularity=16"
    "memorysetup-profiler-bucket-allocator-bucket-count=8"
    "memorysetup-profiler-bucket-allocator-block-size=33554432"
    "memorysetup-profiler-bucket-allocator-block-count=8"
    "memorysetup-profiler-allocator-block-size=16777216"
    "memorysetup-profiler-editor-allocator-block-size=1048576"
    "memorysetup-temp-allocator-size-main=16777216"
    "memorysetup-job-temp-allocator-block-size=2097152"
    "memorysetup-job-temp-allocator-block-size-background=1048576"
    "memorysetup-job-temp-allocator-reduction-small-platforms=262144"
    "memorysetup-temp-allocator-size-background-worker=32768"
    "memorysetup-temp-allocator-size-job-worker=262144"
    "memorysetup-temp-allocator-size-preload-manager=33554432"
    "memorysetup-temp-allocator-size-nav-mesh-worker=65536"
    "memorysetup-temp-allocator-size-audio-worker=65536"
    "memorysetup-temp-allocator-size-cloud-worker=32768"
    "memorysetup-temp-allocator-size-gi-baking-worker=262144"
    "memorysetup-temp-allocator-size-gfx=262144"
Player connection [1840] Host "[IP] 192.168.58.1 [Port] 0 [Flags] 2 [Guid] 1651491370 [EditorId] 1651491370 [Version] 1048832 [Id] WindowsEditor(7,LAPTOP-01O105KM) [Debug] 1 [PackageName] WindowsEditor [ProjectName] Editor" joined multi-casting on [225.0.0.222:54997]...

Player connection [1840] Host "[IP] 192.168.58.1 [Port] 0 [Flags] 2 [Guid] 1651491370 [EditorId] 1651491370 [Version] 1048832 [Id] WindowsEditor(7,LAPTOP-01O105KM) [Debug] 1 [PackageName] WindowsEditor [ProjectName] Editor" joined alternative multi-casting on [225.0.0.222:34997]...

Refreshing native plugins compatible for Editor in 190.25 ms, found 4 plugins.
Preloading 0 native plugins for Editor in 0.00 ms.
Initialize engine version: 2021.3.22f1 (b6c551784ba3)
[Subsystems] Discovering subsystems at path C:/Program Files/Unity/2021.3.22f1/Editor/Data/Resources/UnitySubsystems
[Subsystems] Discovering subsystems at path E:/PTUDGame/Solitaire/Assets
GfxDevice: creating device client; threaded=0; jobified=0
Direct3D:
    Version:  Direct3D 11.0 [level 11.1]
    Renderer: Intel(R) UHD Graphics (ID=0x8a56)
    Vendor:   Intel
    VRAM:     3998 MB
    Driver:   30.0.100.9864
Initialize mono
Mono path[0] = 'C:/Program Files/Unity/2021.3.22f1/Editor/Data/Managed'
Mono path[1] = 'C:/Program Files/Unity/2021.3.22f1/Editor/Data/MonoBleedingEdge/lib/mono/unityjit-win32'
Mono config path = 'C:/Program Files/Unity/2021.3.22f1/Editor/Data/MonoBleedingEdge/etc'
Using monoOptions --debugger-agent=transport=dt_socket,embedding=1,server=y,suspend=n,address=127.0.0.1:56832
Begin MonoManager ReloadAssembly
Registering precompiled unity dll's ...
Register platform support module: C:/Program Files/Unity/2021.3.22f1/Editor/Data/PlaybackEngines/WindowsStandaloneSupport/UnityEditor.WindowsStandalone.Extensions.dll
Registered in 0.006967 seconds.
Failed loading assembly C:/Program Files/Unity/2021.3.22f1/Editor/Data/Managed/UnityEditor.Graphs.dll reason: Not enough space
Loading assembly failed: "C:/Program Files/Unity/2021.3.22f1/Editor/Data/Managed/UnityEditor.Graphs.dll" reason: Not enough space
Crash!!!
SymInit: Symbol-SearchPath: 'C:/Program Files/Unity/2021.3.22f1/Editor/Data/Mono;.;E:\PTUDGame\Solitaire;E:\PTUDGame\Solitaire\Library\BurstCache\JIT;C:\Program Files\Unity\2021.3.22f1\Editor;C:\WINDOWS;C:\WINDOWS\system32;', symOptions: 534, UserName: 'Maxsys'
OS-Version: 10.0.0
C:\Program Files\Unity\2021.3.22f1\Editor\Unity.exe:Unity.exe (00007FF7A1730000), size: 74293248 (result: 8), SymType: '-unknown-', PDB: '', fileVersion: 2021.3.22.50513
C:\WINDOWS\SYSTEM32\ntdll.dll:ntdll.dll (00007FF9B6070000), size: 2179072 (result: 8), SymType: '-unknown-', PDB: '', fileVersion: 10.0.22621.1485
C:\WINDOWS\System32\KERNEL32.DLL:KERNEL32.DLL (00007FF9B4C90000), size: 794624 (result: 0), SymType: '-deferred-', PDB: '', fileVersion: 10.0.22621.1485
C:\WINDOWS\System32\KERNELBASE.dll:KERNELBASE.dll (00007FF9B37B0000), size: 3784704 (result: 0), SymType: '-deferred-', PDB: '', fileVersion: 10.0.22621.1555
C:\WINDOWS\System32\CRYPT32.dll:CRYPT32.dll (00007FF9B34B0000), size: 1466368 (result: 0), SymType: '-deferred-', PDB: '', fileVersion: 10.0.22621.674
C:\WINDOWS\System32\ucrtbase.dll:ucrtbase.dll (00007FF9B3B50000), size: 1118208 (result: 0), SymType: '-deferred-', PDB: '', fileVersion: 10.0.22621.608
C:\WINDOWS\System32\USER32.dll:USER32.dll (00007FF9B4A10000), size: 1748992 (result: 0), SymType: '-deferred-', PDB: '', fileVersion: 10.0.22621.1485
C:\WINDOWS\System32\win32u.dll:win32u.dll (00007FF9B3E50000), size: 155648 (result: 0), SymType: '-deferred-', PDB: '', fileVersion: 10.0.22621.1555
C:\Program Files\Unity\2021.3.22f1\Editor\optix.6.0.0.dll:optix.6.0.0.dll (00007FF9AD2D0000), size: 208896 (result: 8), SymType: '-unknown-', PDB: '', fileVersion: 6.0.0.0
C:\WINDOWS\System32\GDI32.dll:GDI32.dll (00007FF9B4750000), size: 167936 (result: 8), SymType: '-unknown-', PDB: '', fileVersion: 10.0.22621.608
C:\Program Files\Unity\2021.3.22f1\Editor\s3tcompress.dll:s3tcompress.dll (00007FF9A1D30000), size: 180224 (result: 8), SymType: '-unknown-', PDB: ''
C:\WINDOWS\System32\gdi32full.dll:gdi32full.dll (00007FF9B3C70000), size: 1126400 (result: 8), SymType: '-unknown-', PDB: '', fileVersion: 10.0.22621.1344
C:\Program Files\Unity\2021.3.22f1\Editor\libfbxsdk.dll:libfbxsdk.dll (00007FF93A470000), size: 10067968 (result: 8), SymType: '-unknown-', PDB: '', fileVersion: 2020.3.3.0
C:\Program Files\Unity\2021.3.22f1\Editor\etccompress.dll:etccompress.dll (00007FF96DBD0000), size: 5066752 (result: 8), SymType: '-unknown-', PDB: ''
C:\WINDOWS\System32\msvcp_win.dll:msvcp_win.dll (00007FF9B36A0000), size: 630784 (result: 8), SymType: '-unknown-', PDB: '', fileVersion: 10.0.22621.608
C:\Program Files\Unity\2021.3.22f1\Editor\ispc_texcomp.dll:ispc_texcomp.dll (00007FF96D340000), size: 1740800 (result: 0), SymType: '-deferred-', PDB: ''
C:\WINDOWS\System32\ADVAPI32.dll:ADVAPI32.dll (00007FF9B4E40000), size: 712704 (result: 0), SymType: '-deferred-', PDB: '', fileVersion: 10.0.22621.1485
C:\WINDOWS\System32\msvcrt.dll:msvcrt.dll (00007FF9B4610000), size: 684032 (result: 0), SymType: '-deferred-', PDB: '', fileVersion: 7.0.22621.608
C:\WINDOWS\System32\SHELL32.dll:SHELL32.dll (00007FF9B5590000), size: 8323072 (result: 0), SymType: '-deferred-', PDB: '', fileVersion: 10.0.22621.1485
C:\WINDOWS\System32\sechost.dll:sechost.dll (00007FF9B4780000), size: 671744 (result: 0), SymType: '-deferred-', PDB: '', fileVersion: 10.0.22621.1555
C:\Program Files\Unity\2021.3.22f1\Editor\compress_bc7e.dll:compress_bc7e.dll (00007FF96D1E0000), size: 1441792 (result: 0), SymType: '-deferred-', PDB: ''
C:\Program Files\Unity\2021.3.22f1\Editor\FreeImage.dll:FreeImage.dll (0000000180000000), size: 6582272 (result: 0), SymType: '-deferred-', PDB: '', fileVersion: 3.18.0.0
C:\WINDOWS\System32\RPCRT4.dll:RPCRT4.dll (00007FF9B4FF0000), size: 1142784 (result: 0), SymType: '-deferred-', PDB: '', fileVersion: 10.0.22621.1555
C:\Program Files\Unity\2021.3.22f1\Editor\OpenImageDenoise.dll:OpenImageDenoise.dll (00007FF9290D0000), size: 48848896 (result: 0), SymType: '-deferred-', PDB: '', fileVersion: 1.4.2.0
C:\WINDOWS\System32\SHLWAPI.dll:SHLWAPI.dll (00007FF9B3E80000), size: 385024 (result: 0), SymType: '-deferred-', PDB: '', fileVersion: 10.0.22621.608
C:\Program Files\Unity\2021.3.22f1\Editor\WinPixEventRuntime.dll:WinPixEventRuntime.dll (00007FF9AEA30000), size: 45056 (result: 0), SymType: '-deferred-', PDB: '', fileVersion: 1.0.1812.6001
C:\WINDOWS\System32\WS2_32.dll:WS2_32.dll (00007FF9B4830000), size: 462848 (result: 0), SymType: '-deferred-', PDB: '', fileVersion: 10.0.22621.1
C:\Program Files\Unity\2021.3.22f1\Editor\umbraoptimizer64.dll:umbraoptimizer64.dll (00007FF96CE20000), size: 1187840 (result: 0), SymType: '-deferred-', PDB: ''
C:\WINDOWS\System32\ole32.dll:ole32.dll (00007FF9B40D0000), size: 1687552 (result: 0), SymType: '-deferred-', PDB: '', fileVersion: 10.0.22621.608
C:\WINDOWS\System32\combase.dll:combase.dll (00007FF9B4270000), size: 3706880 (result: 0), SymType: '-deferred-', PDB: '', fileVersion: 10.0.22621.1485
C:\WINDOWS\System32\IMM32.dll:IMM32.dll (00007FF9B48D0000), size: 200704 (result: 0), SymType: '-deferred-', PDB: '', fileVersion: 10.0.22621.1344
C:\WINDOWS\System32\SETUPAPI.dll:SETUPAPI.dll (00007FF9B5110000), size: 4669440 (result: 0), SymType: '-deferred-', PDB: '', fileVersion: 10.0.22621.1344
C:\WINDOWS\System32\OLEAUT32.dll:OLEAUT32.dll (00007FF9B4D60000), size: 880640 (result: 0), SymType: '-deferred-', PDB: '', fileVersion: 10.0.22621.608
C:\WINDOWS\System32\WINTRUST.dll:WINTRUST.dll (00007FF9B3740000), size: 438272 (result: 0), SymType: '-deferred-', PDB: '', fileVersion: 10.0.22621.1485
C:\Program Files\Unity\2021.3.22f1\Editor\tbb12.dll:tbb12.dll (00007FF9A18C0000), size: 434176 (result: 0), SymType: '-deferred-', PDB: ''
C:\WINDOWS\SYSTEM32\VCRUNTIME140.dll:VCRUNTIME140.dll (00007FF9A06A0000), size: 110592 (result: 0), SymType: '-deferred-', PDB: '', fileVersion: 14.34.31938.0
C:\WINDOWS\SYSTEM32\MSVCP140.dll:MSVCP140.dll (00007FF99F600000), size: 581632 (result: 0), SymType: '-deferred-', PDB: '', fileVersion: 14.34.31938.0
C:\WINDOWS\SYSTEM32\OPENGL32.dll:OPENGL32.dll (00007FF9892B0000), size: 1048576 (result: 0), SymType: '-deferred-', PDB: '', fileVersion: 10.0.22621.608
C:\WINDOWS\SYSTEM32\IPHLPAPI.DLL:IPHLPAPI.DLL (00007FF9B1FE0000), size: 184320 (result: 0), SymType: '-deferred-', PDB: '', fileVersion: 10.0.22621.1
C:\WINDOWS\SYSTEM32\GLU32.dll:GLU32.dll (00007FF98CF30000), size: 184320 (result: 0), SymType: '-deferred-', PDB: '', fileVersion: 10.0.22621.608
C:\WINDOWS\SYSTEM32\WINHTTP.dll:WINHTTP.dll (00007FF9AC040000), size: 1273856 (result: 0), SymType: '-deferred-', PDB: '', fileVersion: 10.0.22621.1485
C:\WINDOWS\SYSTEM32\WINMM.dll:WINMM.dll (00007FF9AC490000), size: 212992 (result: 0), SymType: '-deferred-', PDB: '', fileVersion: 10.0.22621.608
C:\WINDOWS\SYSTEM32\bcrypt.dll:bcrypt.dll (00007FF9B2D90000), size: 163840 (result: 0), SymType: '-deferred-', PDB: '', fileVersion: 10.0.22621.1344
C:\WINDOWS\SYSTEM32\dwmapi.dll:dwmapi.dll (00007FF9B0910000), size: 176128 (result: 0), SymType: '-deferred-', PDB: '', fileVersion: 10.0.22621.608
C:\WINDOWS\SYSTEM32\HID.DLL:HID.DLL (00007FF9B1D90000), size: 57344 (result: 0), SymType: '-deferred-', PDB: '', fileVersion: 10.0.22621.1
C:\Program Files\Unity\2021.3.22f1\Editor\SketchUpAPI.dll:SketchUpAPI.dll (00007FF937A50000), size: 9310208 (result: 0), SymType: '-deferred-', PDB: '', fileVersion: 22.1.205.0
C:\Program Files\Unity\2021.3.22f1\Editor\RadeonImageFilters.dll:RadeonImageFilters.dll (00007FF968070000), size: 2961408 (result: 8), SymType: '-unknown-', PDB: '', fileVersion: 1.7.0.0
C:\WINDOWS\SYSTEM32\VERSION.dll:VERSION.dll (00007FF9A9F10000), size: 40960 (result: 8), SymType: '-unknown-', PDB: '', fileVersion: 10.0.22621.1
C:\WINDOWS\SYSTEM32\WSOCK32.dll:WSOCK32.dll (00007FF9AE9C0000), size: 36864 (result: 8), SymType: '-unknown-', PDB: '', fileVersion: 10.0.22621.1
C:\Program Files\Unity\2021.3.22f1\Editor\tbbmalloc.dll:tbbmalloc.dll (00007FF990390000), size: 282624 (result: 8), SymType: '-unknown-', PDB: ''
C:\WINDOWS\SYSTEM32\VCRUNTIME140_1.dll:VCRUNTIME140_1.dll (00007FF99F5F0000), size: 49152 (result: 8), SymType: '-unknown-', PDB: '', fileVersion: 14.34.31938.0
C:\Program Files\Unity\2021.3.22f1\Editor\SketchUpCommonPreferences.dll:SketchUpCommonPreferences.dll (00007FF96F040000), size: 499712 (result: 8), SymType: '-unknown-', PDB: '', fileVersion: 22.1.205.54
C:\Program Files\Unity\2021.3.22f1\Editor\RadeonML.dll:RadeonML.dll (00007FF9A1CB0000), size: 94208 (result: 8), SymType: '-unknown-', PDB: '', fileVersion: 0.9.11.0
C:\WINDOWS\SYSTEM32\Secur32.dll:Secur32.dll (00007FF99F390000), size: 49152 (result: 8), SymType: '-unknown-', PDB: '', fileVersion: 10.0.22621.1
C:\WINDOWS\SYSTEM32\dxcore.dll:dxcore.dll (00007FF9B06D0000), size: 221184 (result: 8), SymType: '-unknown-', PDB: '', fileVersion: 10.0.22621.608
C:\WINDOWS\SYSTEM32\SSPICLI.DLL:SSPICLI.DLL (00007FF9B2750000), size: 270336 (result: 8), SymType: '-unknown-', PDB: '', fileVersion: 10.0.22621.1485
C:\Program Files\Unity\2021.3.22f1\Editor\OpenRL.dll:OpenRL.dll (00000205D92A0000), size: 12779520 (result: 8), SymType: '-unknown-', PDB: '', fileVersion: 1.5.0.2907
C:\WINDOWS\SYSTEM32\MSVCR100.dll:MSVCR100.dll (0000000069450000), size: 860160 (result: 0), SymType: '-deferred-', PDB: '', fileVersion: 10.0.40219.1
C:\WINDOWS\SYSTEM32\MSVCP100.dll:MSVCP100.dll (0000000068D40000), size: 622592 (result: 8), SymType: '-unknown-', PDB: '', fileVersion: 10.0.40219.1
C:\Program Files\Unity\2021.3.22f1\Editor\embree.dll:embree.dll (00007FF936A60000), size: 16711680 (result: 8), SymType: '-unknown-', PDB: '', fileVersion: 2.14.0.0
C:\WINDOWS\SYSTEM32\cfgmgr32.DLL:cfgmgr32.DLL (00007FF9B3080000), size: 319488 (result: 8), SymType: '-unknown-', PDB: '', fileVersion: 10.0.22621.1344
C:\Program Files\Unity\2021.3.22f1\Editor\tbb.dll:tbb.dll (00007FF96E470000), size: 413696 (result: 8), SymType: '-unknown-', PDB: '', fileVersion: 2017.0.2016.1004
C:\WINDOWS\SYSTEM32\MSWSOCK.DLL:MSWSOCK.DLL (00007FF9B2970000), size: 430080 (result: 8), SymType: '-unknown-', PDB: '', fileVersion: 10.0.22621.1
C:\WINDOWS\SYSTEM32\MSVCP120.dll:MSVCP120.dll (00007FF96C7B0000), size: 679936 (result: 8), SymType: '-unknown-', PDB: '', fileVersion: 12.0.40649.5
C:\WINDOWS\SYSTEM32\MSVCR120.dll:MSVCR120.dll (00007FF9A09A0000), size: 978944 (result: 8), SymType: '-unknown-', PDB: '', fileVersion: 12.0.40649.5
C:\Program Files\Unity\2021.3.22f1\Editor\OpenRL_pthread.dll:OpenRL_pthread.dll (00000205D9EF0000), size: 61440 (result: 8), SymType: '-unknown-', PDB: '', fileVersion: 2.9.0.0
C:\WINDOWS\SYSTEM32\MSASN1.dll:MSASN1.dll (00007FF9B2D00000), size: 73728 (result: 8), SymType: '-unknown-', PDB: '', fileVersion: 10.0.22621.819
C:\WINDOWS\SYSTEM32\kernel.appcore.dll:kernel.appcore.dll (00007FF9B2500000), size: 98304 (result: 8), SymType: '-unknown-', PDB: '', fileVersion: 10.0.22621.1
C:\WINDOWS\System32\bcryptPrimitives.dll:bcryptPrimitives.dll (00007FF9B3620000), size: 503808 (result: 8), SymType: '-unknown-', PDB: '', fileVersion: 10.0.22621.1344
C:\WINDOWS\system32\uxtheme.dll:uxtheme.dll (00007FF9B05D0000), size: 700416 (result: 8), SymType: '-unknown-', PDB: '', fileVersion: 10.0.22621.608
C:\WINDOWS\System32\shcore.dll:shcore.dll (00007FF9B4EF0000), size: 987136 (result: 8), SymType: '-unknown-', PDB: '', fileVersion: 10.0.22621.900
C:\WINDOWS\SYSTEM32\windows.storage.dll:windows.storage.dll (00007FF9B14C0000), size: 9228288 (result: 8), SymType: '-unknown-', PDB: '', fileVersion: 10.0.22621.1485
C:\WINDOWS\SYSTEM32\wintypes.dll:wintypes.dll (00007FF9B1380000), size: 1302528 (result: 8), SymType: '-unknown-', PDB: '', fileVersion: 10.0.22621.1485
C:\WINDOWS\SYSTEM32\profapi.dll:profapi.dll (00007FF9B33E0000), size: 135168 (result: 0), SymType: '-deferred-', PDB: '', fileVersion: 10.0.22621.1
C:\WINDOWS\system32\IconCodecService.dll:IconCodecService.dll (00007FF983D90000), size: 36864 (result: 8), SymType: '-unknown-', PDB: '', fileVersion: 10.0.22621.1
C:\WINDOWS\SYSTEM32\WindowsCodecs.dll:WindowsCodecs.dll (00007FF9AEA60000), size: 1769472 (result: 8), SymType: '-unknown-', PDB: '', fileVersion: 10.0.22621.608
C:\WINDOWS\System32\clbcatq.dll:clbcatq.dll (00007FF9B4BC0000), size: 720896 (result: 8), SymType: '-unknown-', PDB: '', fileVersion: 2001.12.10941.16384
C:\WINDOWS\System32\netprofm.dll:netprofm.dll (00007FF9ADBF0000), size: 487424 (result: 8), SymType: '-unknown-', PDB: '', fileVersion: 10.0.22621.1
C:\WINDOWS\System32\NSI.dll:NSI.dll (00007FF9B48B0000), size: 36864 (result: 8), SymType: '-unknown-', PDB: '', fileVersion: 10.0.22621.1
C:\WINDOWS\SYSTEM32\dhcpcsvc6.DLL:dhcpcsvc6.DLL (00007FF9ABF60000), size: 102400 (result: 8), SymType: '-unknown-', PDB: '', fileVersion: 10.0.22621.1344
C:\WINDOWS\SYSTEM32\dhcpcsvc.DLL:dhcpcsvc.DLL (00007FF9ABF20000), size: 126976 (result: 8), SymType: '-unknown-', PDB: '', fileVersion: 10.0.22621.1344
C:\WINDOWS\System32\npmproxy.dll:npmproxy.dll (00007FF9ABA60000), size: 98304 (result: 8), SymType: '-unknown-', PDB: '', fileVersion: 10.0.22621.1
C:\WINDOWS\SYSTEM32\DNSAPI.dll:DNSAPI.dll (00007FF9B2050000), size: 995328 (result: 8), SymType: '-unknown-', PDB: '', fileVersion: 10.0.22621.1485
C:\WINDOWS\system32\napinsp.dll:napinsp.dll (00007FF98A070000), size: 94208 (result: 8), SymType: '-unknown-', PDB: '', fileVersion: 10.0.22621.1
C:\WINDOWS\system32\pnrpnsp.dll:pnrpnsp.dll (00007FF98A050000), size: 110592 (result: 8), SymType: '-unknown-', PDB: '', fileVersion: 10.0.22621.1
C:\WINDOWS\System32\winrnr.dll:winrnr.dll (00007FF98A020000), size: 69632 (result: 8), SymType: '-unknown-', PDB: '', fileVersion: 10.0.22621.1
C:\WINDOWS\system32\wshbth.dll:wshbth.dll (00007FF9ABF00000), size: 86016 (result: 8), SymType: '-unknown-', PDB: '', fileVersion: 10.0.22621.1
C:\WINDOWS\system32\nlansp_c.dll:nlansp_c.dll (00007FF989FA0000), size: 135168 (result: 0), SymType: '-deferred-', PDB: '', fileVersion: 10.0.22621.1

========== OUTPUTTING STACK TRACE ==================

SymInit: Symbol-SearchPath: 'C:/Program Files/Unity/2021.3.22f1/Editor/Data/Mono;.;E:\PTUDGame\Solitaire;E:\PTUDGame\Solitaire\Library\BurstCache\JIT;C:\Program Files\Unity\2021.3.22f1\Editor;C:\WINDOWS;C:\WINDOWS\system32;', symOptions: 534, UserName: 'Maxsys'
OS-Version: 10.0.0
C:\Program Files\Unity\2021.3.22f1\Editor\Unity.exe:Unity.exe (00007FF7A1730000), size: 74293248 (result: 0), SymType: '-deferred-', PDB: '', fileVersion: 2021.3.22.50513
C:\WINDOWS\SYSTEM32\ntdll.dll:ntdll.dll (00007FF9B6070000), size: 2179072 (result: 0), SymType: '-deferred-', PDB: '', fileVersion: 10.0.22621.1485
C:\WINDOWS\System32\KERNEL32.DLL:KERNEL32.DLL (00007FF9B4C90000), size: 794624 (result: 0), SymType: '-nosymbols-', PDB: 'C:\WINDOWS\System32\KERNEL32.DLL', fileVersion: 10.0.22621.1485
C:\WINDOWS\System32\KERNELBASE.dll:KERNELBASE.dll (00007FF9B37B0000), size: 3784704 (result: 0), SymType: '-nosymbols-', PDB: 'C:\WINDOWS\System32\KERNELBASE.dll', fileVersion: 10.0.22621.1555
C:\WINDOWS\System32\CRYPT32.dll:CRYPT32.dll (00007FF9B34B0000), size: 1466368 (result: 0), SymType: '-nosymbols-', PDB: 'C:\WINDOWS\System32\CRYPT32.dll', fileVersion: 10.0.22621.674
C:\WINDOWS\System32\ucrtbase.dll:ucrtbase.dll (00007FF9B3B50000), size: 1118208 (result: 0), SymType: '-nosymbols-', PDB: 'C:\WINDOWS\System32\ucrtbase.dll', fileVersion: 10.0.22621.608
C:\WINDOWS\System32\USER32.dll:USER32.dll (00007FF9B4A10000), size: 1748992 (result: 0), SymType: '-nosymbols-', PDB: 'C:\WINDOWS\System32\USER32.dll', fileVersion: 10.0.22621.1485
C:\WINDOWS\System32\win32u.dll:win32u.dll (00007FF9B3E50000), size: 155648 (result: 0), SymType: '-nosymbols-', PDB: 'C:\WINDOWS\System32\win32u.dll', fileVersion: 10.0.22621.1555
C:\Program Files\Unity\2021.3.22f1\Editor\optix.6.0.0.dll:optix.6.0.0.dll (00007FF9AD2D0000), size: 208896 (result: 0), SymType: '-deferred-', PDB: '', fileVersion: 6.0.0.0
C:\WINDOWS\System32\GDI32.dll:GDI32.dll (00007FF9B4750000), size: 167936 (result: 0), SymType: '-deferred-', PDB: '', fileVersion: 10.0.22621.608
C:\Program Files\Unity\2021.3.22f1\Editor\s3tcompress.dll:s3tcompress.dll (00007FF9A1D30000), size: 180224 (result: 0), SymType: '-deferred-', PDB: ''
C:\WINDOWS\System32\gdi32full.dll:gdi32full.dll (00007FF9B3C70000), size: 1126400 (result: 0), SymType: '-deferred-', PDB: '', fileVersion: 10.0.22621.1344
C:\Program Files\Unity\2021.3.22f1\Editor\libfbxsdk.dll:libfbxsdk.dll (00007FF93A470000), size: 10067968 (result: 0), SymType: '-deferred-', PDB: '', fileVersion: 2020.3.3.0
C:\Program Files\Unity\2021.3.22f1\Editor\etccompress.dll:etccompress.dll (00007FF96DBD0000), size: 5066752 (result: 8), SymType: '-unknown-', PDB: ''
  ERROR: LoadModule, GetLastError: 'Not enough memory resources are available to process this command.' (Address: 0000000000000000)
C:\WINDOWS\System32\msvcp_win.dll:msvcp_win.dll (00007FF9B36A0000), size: 630784 (result: 0), SymType: '-deferred-', PDB: '', fileVersion: 10.0.22621.608
C:\Program Files\Unity\2021.3.22f1\Editor\ispc_texcomp.dll:ispc_texcomp.dll (00007FF96D340000), size: 1740800 (result: 0), SymType: '-nosymbols-', PDB: 'C:\Program Files\Unity\2021.3.22f1\Editor\ispc_texcomp.dll'
C:\WINDOWS\System32\ADVAPI32.dll:ADVAPI32.dll (00007FF9B4E40000), size: 712704 (result: 0), SymType: '-nosymbols-', PDB: 'C:\WINDOWS\System32\ADVAPI32.dll', fileVersion: 10.0.22621.1485
C:\WINDOWS\System32\msvcrt.dll:msvcrt.dll (00007FF9B4610000), size: 684032 (result: 0), SymType: '-nosymbols-', PDB: 'C:\WINDOWS\System32\msvcrt.dll', fileVersion: 7.0.22621.608
C:\WINDOWS\System32\SHELL32.dll:SHELL32.dll (00007FF9B5590000), size: 8323072 (result: 0), SymType: '-nosymbols-', PDB: 'C:\WINDOWS\System32\SHELL32.dll', fileVersion: 10.0.22621.1485
C:\WINDOWS\System32\sechost.dll:sechost.dll (00007FF9B4780000), size: 671744 (result: 0), SymType: '-nosymbols-', PDB: 'C:\WINDOWS\System32\sechost.dll', fileVersion: 10.0.22621.1555
C:\Program Files\Unity\2021.3.22f1\Editor\compress_bc7e.dll:compress_bc7e.dll (00007FF96D1E0000), size: 1441792 (result: 0), SymType: '-nosymbols-', PDB: 'C:\Program Files\Unity\2021.3.22f1\Editor\compress_bc7e.dll'
C:\Program Files\Unity\2021.3.22f1\Editor\FreeImage.dll:FreeImage.dll (0000000180000000), size: 6582272 (result: 0), SymType: '-nosymbols-', PDB: 'C:\Program Files\Unity\2021.3.22f1\Editor\FreeImage.dll', fileVersion: 3.18.0.0
C:\WINDOWS\System32\RPCRT4.dll:RPCRT4.dll (00007FF9B4FF0000), size: 1142784 (result: 0), SymType: '-nosymbols-', PDB: 'C:\WINDOWS\System32\RPCRT4.dll', fileVersion: 10.0.22621.1555
C:\Program Files\Unity\2021.3.22f1\Editor\OpenImageDenoise.dll:OpenImageDenoise.dll (00007FF9290D0000), size: 48848896 (result: 0), SymType: '-nosymbols-', PDB: 'C:\Program Files\Unity\2021.3.22f1\Editor\OpenImageDenoise.dll', fileVersion: 1.4.2.0
C:\WINDOWS\System32\SHLWAPI.dll:SHLWAPI.dll (00007FF9B3E80000), size: 385024 (result: 0), SymType: '-nosymbols-', PDB: 'C:\WINDOWS\System32\SHLWAPI.dll', fileVersion: 10.0.22621.608
C:\Program Files\Unity\2021.3.22f1\Editor\WinPixEventRuntime.dll:WinPixEventRuntime.dll (00007FF9AEA30000), size: 45056 (result: 0), SymType: '-nosymbols-', PDB: 'C:\Program Files\Unity\2021.3.22f1\Editor\WinPixEventRuntime.dll', fileVersion: 1.0.1812.6001
C:\WINDOWS\System32\WS2_32.dll:WS2_32.dll (00007FF9B4830000), size: 462848 (result: 0), SymType: '-nosymbols-', PDB: 'C:\WINDOWS\System32\WS2_32.dll', fileVersion: 10.0.22621.1
C:\Program Files\Unity\2021.3.22f1\Editor\umbraoptimizer64.dll:umbraoptimizer64.dll (00007FF96CE20000), size: 1187840 (result: 0), SymType: '-nosymbols-', PDB: 'C:\Program Files\Unity\2021.3.22f1\Editor\umbraoptimizer64.dll'
C:\WINDOWS\System32\ole32.dll:ole32.dll (00007FF9B40D0000), size: 1687552 (result: 0), SymType: '-nosymbols-', PDB: 'C:\WINDOWS\System32\ole32.dll', fileVersion: 10.0.22621.608
C:\WINDOWS\System32\combase.dll:combase.dll (00007FF9B4270000), size: 3706880 (result: 0), SymType: '-nosymbols-', PDB: 'C:\WINDOWS\System32\combase.dll', fileVersion: 10.0.22621.1485
C:\WINDOWS\System32\IMM32.dll:IMM32.dll (00007FF9B48D0000), size: 200704 (result: 0), SymType: '-nosymbols-', PDB: 'C:\WINDOWS\System32\IMM32.dll', fileVersion: 10.0.22621.1344
C:\WINDOWS\System32\SETUPAPI.dll:SETUPAPI.dll (00007FF9B5110000), size: 4669440 (result: 0), SymType: '-nosymbols-', PDB: 'C:\WINDOWS\System32\SETUPAPI.dll', fileVersion: 10.0.22621.1344
C:\WINDOWS\System32\OLEAUT32.dll:OLEAUT32.dll (00007FF9B4D60000), size: 880640 (result: 0), SymType: '-nosymbols-', PDB: 'C:\WINDOWS\System32\OLEAUT32.dll', fileVersion: 10.0.22621.608
C:\WINDOWS\System32\WINTRUST.dll:WINTRUST.dll (00007FF9B3740000), size: 438272 (result: 0), SymType: '-nosymbols-', PDB: 'C:\WINDOWS\System32\WINTRUST.dll', fileVersion: 10.0.22621.1485
C:\Program Files\Unity\2021.3.22f1\Editor\tbb12.dll:tbb12.dll (00007FF9A18C0000), size: 434176 (result: 0), SymType: '-nosymbols-', PDB: 'C:\Program Files\Unity\2021.3.22f1\Editor\tbb12.dll'
C:\WINDOWS\SYSTEM32\VCRUNTIME140.dll:VCRUNTIME140.dll (00007FF9A06A0000), size: 110592 (result: 0), SymType: '-nosymbols-', PDB: 'C:\WINDOWS\SYSTEM32\VCRUNTIME140.dll', fileVersion: 14.34.31938.0
C:\WINDOWS\SYSTEM32\MSVCP140.dll:MSVCP140.dll (00007FF99F600000), size: 581632 (result: 0), SymType: '-nosymbols-', PDB: 'C:\WINDOWS\SYSTEM32\MSVCP140.dll', fileVersion: 14.34.31938.0
C:\WINDOWS\SYSTEM32\OPENGL32.dll:OPENGL32.dll (00007FF9892B0000), size: 1048576 (result: 0), SymType: '-nosymbols-', PDB: 'C:\WINDOWS\SYSTEM32\OPENGL32.dll', fileVersion: 10.0.22621.608
C:\WINDOWS\SYSTEM32\IPHLPAPI.DLL:IPHLPAPI.DLL (00007FF9B1FE0000), size: 184320 (result: 0), SymType: '-nosymbols-', PDB: 'C:\WINDOWS\SYSTEM32\IPHLPAPI.DLL', fileVersion: 10.0.22621.1
C:\WINDOWS\SYSTEM32\GLU32.dll:GLU32.dll (00007FF98CF30000), size: 184320 (result: 0), SymType: '-nosymbols-', PDB: 'C:\WINDOWS\SYSTEM32\GLU32.dll', fileVersion: 10.0.22621.608
C:\WINDOWS\SYSTEM32\WINHTTP.dll:WINHTTP.dll (00007FF9AC040000), size: 1273856 (result: 0), SymType: '-nosymbols-', PDB: 'C:\WINDOWS\SYSTEM32\WINHTTP.dll', fileVersion: 10.0.22621.1485
C:\WINDOWS\SYSTEM32\WINMM.dll:WINMM.dll (00007FF9AC490000), size: 212992 (result: 0), SymType: '-nosymbols-', PDB: 'C:\WINDOWS\SYSTEM32\WINMM.dll', fileVersion: 10.0.22621.608
C:\WINDOWS\SYSTEM32\bcrypt.dll:bcrypt.dll (00007FF9B2D90000), size: 163840 (result: 0), SymType: '-nosymbols-', PDB: 'C:\WINDOWS\SYSTEM32\bcrypt.dll', fileVersion: 10.0.22621.1344
C:\WINDOWS\SYSTEM32\dwmapi.dll:dwmapi.dll (00007FF9B0910000), size: 176128 (result: 0), SymType: '-nosymbols-', PDB: 'C:\WINDOWS\SYSTEM32\dwmapi.dll', fileVersion: 10.0.22621.608
C:\WINDOWS\SYSTEM32\HID.DLL:HID.DLL (00007FF9B1D90000), size: 57344 (result: 0), SymType: '-nosymbols-', PDB: 'C:\WINDOWS\SYSTEM32\HID.DLL', fileVersion: 10.0.22621.1
C:\Program Files\Unity\2021.3.22f1\Editor\SketchUpAPI.dll:SketchUpAPI.dll (00007FF937A50000), size: 9310208 (result: 0), SymType: '-nosymbols-', PDB: 'C:\Program Files\Unity\2021.3.22f1\Editor\SketchUpAPI.dll', fileVersion: 22.1.205.0
C:\Program Files\Unity\2021.3.22f1\Editor\RadeonImageFilters.dll:RadeonImageFilters.dll (00007FF968070000), size: 2961408 (result: 0), SymType: '-deferred-', PDB: '', fileVersion: 1.7.0.0
C:\WINDOWS\SYSTEM32\VERSION.dll:VERSION.dll (00007FF9A9F10000), size: 40960 (result: 0), SymType: '-deferred-', PDB: '', fileVersion: 10.0.22621.1
C:\WINDOWS\SYSTEM32\WSOCK32.dll:WSOCK32.dll (00007FF9AE9C0000), size: 36864 (result: 0), SymType: '-deferred-', PDB: '', fileVersion: 10.0.22621.1
C:\Program Files\Unity\2021.3.22f1\Editor\tbbmalloc.dll:tbbmalloc.dll (00007FF990390000), size: 282624 (result: 8), SymType: '-unknown-', PDB: ''
  ERROR: LoadModule, GetLastError: 'Not enough memory resources are available to process this command.' (Address: 0000000000000000)
C:\WINDOWS\SYSTEM32\VCRUNTIME140_1.dll:VCRUNTIME140_1.dll (00007FF99F5F0000), size: 49152 (result: 8), SymType: '-unknown-', PDB: '', fileVersion: 14.34.31938.0
  ERROR: LoadModule, GetLastError: 'Not enough memory resources are available to process this command.' (Address: 0000000000000000)
C:\Program Files\Unity\2021.3.22f1\Editor\SketchUpCommonPreferences.dll:SketchUpCommonPreferences.dll (00007FF96F040000), size: 499712 (result: 8), SymType: '-unknown-', PDB: '', fileVersion: 22.1.205.54
  ERROR: LoadModule, GetLastError: 'Not enough memory resources are available to process this command.' (Address: 0000000000000000)
C:\Program Files\Unity\2021.3.22f1\Editor\RadeonML.dll:RadeonML.dll (00007FF9A1CB0000), size: 94208 (result: 8), SymType: '-unknown-', PDB: '', fileVersion: 0.9.11.0
  ERROR: LoadModule, GetLastError: 'Not enough memory resources are available to process this command.' (Address: 0000000000000000)
C:\WINDOWS\SYSTEM32\Secur32.dll:Secur32.dll (00007FF99F390000), size: 49152 (result: 8), SymType: '-unknown-', PDB: '', fileVersion: 10.0.22621.1
  ERROR: LoadModule, GetLastError: 'Not enough memory resources are available to process this command.' (Address: 0000000000000000)
C:\WINDOWS\SYSTEM32\dxcore.dll:dxcore.dll (00007FF9B06D0000), size: 221184 (result: 8), SymType: '-unknown-', PDB: '', fileVersion: 10.0.22621.608
  ERROR: LoadModule, GetLastError: 'Not enough memory resources are available to process this command.' (Address: 0000000000000000)
C:\WINDOWS\SYSTEM32\SSPICLI.DLL:SSPICLI.DLL (00007FF9B2750000), size: 270336 (result: 8), SymType: '-unknown-', PDB: '', fileVersion: 10.0.22621.1485
  ERROR: LoadModule, GetLastError: 'Not enough memory resources are available to process this command.' (Address: 0000000000000000)
C:\Program Files\Unity\2021.3.22f1\Editor\OpenRL.dll:OpenRL.dll (00000205D92A0000), size: 12779520 (result: 8), SymType: '-unknown-', PDB: '', fileVersion: 1.5.0.2907
  ERROR: LoadModule, GetLastError: 'Not enough memory resources are available to process this command.' (Address: 0000000000000000)
C:\WINDOWS\SYSTEM32\MSVCR100.dll:MSVCR100.dll (0000000069450000), size: 860160 (result: 0), SymType: '-nosymbols-', PDB: 'C:\WINDOWS\SYSTEM32\MSVCR100.dll', fileVersion: 10.0.40219.1
C:\WINDOWS\SYSTEM32\MSVCP100.dll:MSVCP100.dll (0000000068D40000), size: 622592 (result: 0), SymType: '-deferred-', PDB: '', fileVersion: 10.0.40219.1
C:\Program Files\Unity\2021.3.22f1\Editor\embree.dll:embree.dll (00007FF936A60000), size: 16711680 (result: 0), SymType: '-deferred-', PDB: '', fileVersion: 2.14.0.0
:cfgmgr32.DLL (00007FF9B3080000), size: 319488 (result: 0), SymType: '-deferred-', PDB: ''
:tbb.dll (00007FF96E470000), size: 413696 (result: 8), SymType: '-unknown-', PDB: ''
  ERROR: LoadModule, GetLastError: 'Not enough memory resources are available to process this command.' (Address: 0000000000000000)
C:\WINDOWS\SYSTEM32\MSWSOCK.DLL:MSWSOCK.DLL (00007FF9B2970000), size: 430080 (result: 8), SymType: '-unknown-', PDB: '', fileVersion: 10.0.22621.1
  ERROR: LoadModule, GetLastError: 'Not enough memory resources are available to process this command.' (Address: 0000000000000000)
C:\WINDOWS\SYSTEM32\MSVCP120.dll:MSVCP120.dll (00007FF96C7B0000), size: 679936 (result: 8), SymType: '-unknown-', PDB: '', fileVersion: 12.0.40649.5
  ERROR: LoadModule, GetLastError: 'Not enough memory resources are available to process this command.' (Address: 0000000000000000)
C:\WINDOWS\SYSTEM32\MSVCR120.dll:MSVCR120.dll (00007FF9A09A0000), size: 978944 (result: 8), SymType: '-unknown-', PDB: '', fileVersion: 12.0.40649.5
  ERROR: LoadModule, GetLastError: 'Not enough memory resources are available to process this command.' (Address: 0000000000000000)
C:\Program Files\Unity\2021.3.22f1\Editor\OpenRL_pthread.dll:OpenRL_pthread.dll (00000205D9EF0000), size: 61440 (result: 8), SymType: '-unknown-', PDB: '', fileVersion: 2.9.0.0
  ERROR: LoadModule, GetLastError: 'Not enough memory resources are available to process this command.' (Address: 0000000000000000)
C:\WINDOWS\SYSTEM32\MSASN1.dll:MSASN1.dll (00007FF9B2D00000), size: 73728 (result: 8), SymType: '-unknown-', PDB: '', fileVersion: 10.0.22621.819
  ERROR: LoadModule, GetLastError: 'Not enough memory resources are available to process this command.' (Address: 0000000000000000)
C:\WINDOWS\SYSTEM32\kernel.appcore.dll:kernel.appcore.dll (00007FF9B2500000), size: 98304 (result: 8), SymType: '-unknown-', PDB: '', fileVersion: 10.0.22621.1
  ERROR: LoadModule, GetLastError: 'Not enough memory resources are available to process this command.' (Address: 0000000000000000)
C:\WINDOWS\System32\bcryptPrimitives.dll:bcryptPrimitives.dll (00007FF9B3620000), size: 503808 (result: 8), SymType: '-unknown-', PDB: '', fileVersion: 10.0.22621.1344
  ERROR: LoadModule, GetLastError: 'Not enough memory resources are available to process this command.' (Address: 0000000000000000)
C:\WINDOWS\system32\uxtheme.dll:uxtheme.dll (00007FF9B05D0000), size: 700416 (result: 8), SymType: '-unknown-', PDB: '', fileVersion: 10.0.22621.608
  ERROR: LoadModule, GetLastError: 'Not enough memory resources are available to process this command.' (Address: 0000000000000000)
C:\WINDOWS\System32\shcore.dll:shcore.dll (00007FF9B4EF0000), size: 987136 (result: 8), SymType: '-unknown-', PDB: '', fileVersion: 10.0.22621.900
  ERROR: LoadModule, GetLastError: 'Not enough memory resources are available to process this command.' (Address: 0000000000000000)
C:\WINDOWS\SYSTEM32\windows.storage.dll:windows.storage.dll (00007FF9B14C0000), size: 9228288 (result: 8), SymType: '-unknown-', PDB: '', fileVersion: 10.0.22621.1485
  ERROR: LoadModule, GetLastError: 'Not enough memory resources are available to process this command.' (Address: 0000000000000000)
C:\WINDOWS\SYSTEM32\wintypes.dll:wintypes.dll (00007FF9B1380000), size: 1302528 (result: 8), SymType: '-unknown-', PDB: '', fileVersion: 10.0.22621.1485
  ERROR: LoadModule, GetLastError: 'Not enough memory resources are available to process this command.' (Address: 0000000000000000)
C:\WINDOWS\SYSTEM32\profapi.dll:profapi.dll (00007FF9B33E0000), size: 135168 (result: 0), SymType: '-nosymbols-', PDB: 'C:\WINDOWS\SYSTEM32\profapi.dll', fileVersion: 10.0.22621.1
C:\WINDOWS\system32\IconCodecService.dll:IconCodecService.dll (00007FF983D90000), size: 36864 (result: 8), SymType: '-unknown-', PDB: '', fileVersion: 10.0.22621.1
  ERROR: LoadModule, GetLastError: 'Not enough memory resources are available to process this command.' (Address: 0000000000000000)
C:\WINDOWS\SYSTEM32\WindowsCodecs.dll:WindowsCodecs.dll (00007FF9AEA60000), size: 1769472 (result: 8), SymType: '-unknown-', PDB: '', fileVersion: 10.0.22621.608
  ERROR: LoadModule, GetLastError: 'Not enough memory resources are available to process this command.' (Address: 0000000000000000)
C:\WINDOWS\System32\clbcatq.dll:clbcatq.dll (00007FF9B4BC0000), size: 720896 (result: 8), SymType: '-unknown-', PDB: '', fileVersion: 2001.12.10941.16384
  ERROR: LoadModule, GetLastError: 'Not enough memory resources are available to process this command.' (Address: 0000000000000000)
C:\WINDOWS\System32\netprofm.dll:netprofm.dll (00007FF9ADBF0000), size: 487424 (result: 8), SymType: '-unknown-', PDB: '', fileVersion: 10.0.22621.1
  ERROR: LoadModule, GetLastError: 'Not enough memory resources are available to process this command.' (Address: 0000000000000000)
C:\WINDOWS\System32\NSI.dll:NSI.dll (00007FF9B48B0000), size: 36864 (result: 8), SymType: '-unknown-', PDB: '', fileVersion: 10.0.22621.1
  ERROR: LoadModule, GetLastError: 'Not enough memory resources are available to process this command.' (Address: 0000000000000000)
C:\WINDOWS\SYSTEM32\dhcpcsvc6.DLL:dhcpcsvc6.DLL (00007FF9ABF60000), size: 102400 (result: 8), SymType: '-unknown-', PDB: '', fileVersion: 10.0.22621.1344
  ERROR: LoadModule, GetLastError: 'Not enough memory resources are available to process this command.' (Address: 0000000000000000)
C:\WINDOWS\SYSTEM32\dhcpcsvc.DLL:dhcpcsvc.DLL (00007FF9ABF20000), size: 126976 (result: 8), SymType: '-unknown-', PDB: '', fileVersion: 10.0.22621.1344
  ERROR: LoadModule, GetLastError: 'Not enough memory resources are available to process this command.' (Address: 0000000000000000)
C:\WINDOWS\System32\npmproxy.dll:npmproxy.dll (00007FF9ABA60000), size: 98304 (result: 8), SymType: '-unknown-', PDB: '', fileVersion: 10.0.22621.1
  ERROR: LoadModule, GetLastError: 'Not enough memory resources are available to process this command.' (Address: 0000000000000000)
C:\WINDOWS\SYSTEM32\DNSAPI.dll:DNSAPI.dll (00007FF9B2050000), size: 995328 (result: 8), SymType: '-unknown-', PDB: '', fileVersion: 10.0.22621.1485
  ERROR: LoadModule, GetLastError: 'Not enough memory resources are available to process this command.' (Address: 0000000000000000)
C:\WINDOWS\system32\napinsp.dll:napinsp.dll (00007FF98A070000), size: 94208 (result: 8), SymType: '-unknown-', PDB: '', fileVersion: 10.0.22621.1
  ERROR: LoadModule, GetLastError: 'Not enough memory resources are available to process this command.' (Address: 0000000000000000)
C:\WINDOWS\system32\pnrpnsp.dll:pnrpnsp.dll (00007FF98A050000), size: 110592 (result: 8), SymType: '-unknown-', PDB: '', fileVersion: 10.0.22621.1
  ERROR: LoadModule, GetLastError: 'Not enough memory resources are available to process this command.' (Address: 0000000000000000)
C:\WINDOWS\System32\winrnr.dll:winrnr.dll (00007FF98A020000), size: 69632 (result: 8), SymType: '-unknown-', PDB: '', fileVersion: 10.0.22621.1
  ERROR: LoadModule, GetLastError: 'Not enough memory resources are available to process this command.' (Address: 0000000000000000)
C:\WINDOWS\system32\wshbth.dll:wshbth.dll (00007FF9ABF00000), size: 86016 (result: 8), SymType: '-unknown-', PDB: '', fileVersion: 10.0.22621.1
  ERROR: LoadModule, GetLastError: 'Not enough memory resources are available to process this command.' (Address: 0000000000000000)
C:\WINDOWS\system32\nlansp_c.dll:nlansp_c.dll (00007FF989FA0000), size: 135168 (result: 0), SymType: '-nosymbols-', PDB: 'C:\WINDOWS\system32\nlansp_c.dll', fileVersion: 10.0.22621.1
C:\WINDOWS\System32\fwpuclnt.dll:fwpuclnt.dll (00007FF9ABC00000), size: 536576 (result: 8), SymType: '-unknown-', PDB: '', fileVersion: 10.0.22621.1105
  ERROR: LoadModule, GetLastError: 'Not enough memory resources are available to process this command.' (Address: 0000000000000000)
C:\Windows\System32\rasadhlp.dll:rasadhlp.dll (00007FF9AAF30000), size: 40960 (result: 8), SymType: '-unknown-', PDB: '', fileVersion: 10.0.22621.1
  ERROR: LoadModule, GetLastError: 'Not enough memory resources are available to process this command.' (Address: 0000000000000000)
C:\Program Files\Unity\2021.3.22f1\Editor\NVUnityPlugin.DLL:NVUnityPlugin.DLL (00007FF96C630000), size: 1536000 (result: 8), SymType: '-unknown-', PDB: ''
  ERROR: LoadModule, GetLastError: 'Not enough memory resources are available to process this command.' (Address: 0000000000000000)
C:\Program Files\Unity\2021.3.22f1\Editor\Data\Tools\astcenc-avx2.dll:astcenc-avx2.dll (00007FF995E80000), size: 561152 (result: 8), SymType: '-unknown-', PDB: ''
  ERROR: LoadModule, GetLastError: 'Not enough memory resources are available to process this command.' (Address: 0000000000000000)
: (00007FF9AF270000), size: 2453504 (result: 8), SymType: '-unknown-', PDB: ''
  ERROR: LoadModule, GetLastError: 'Not enough memory resources are available to process this command.' (Address: 0000000000000000)
: (00007FF9B0710000), size: 1007616 (result: 8), SymType: '-unknown-', PDB: ''
  ERROR: LoadModule, GetLastError: 'Not enough memory resources are available to process this command.' (Address: 0000000000000000)
C:\WINDOWS\SYSTEM32\directxdatabasehelper.dll:directxdatabasehelper.dll (00007FF9AAEE0000), size: 294912 (result: 8), SymType: '-unknown-', PDB: '', fileVersion: 10.0.22621.1485
  ERROR: LoadModule, GetLastError: 'Not enough memory resources are available to process this command.' (Address: 0000000000000000)
C:\WINDOWS\System32\DriverStore\FileRepository\iigd_dch.inf_amd64_0a2eb8dac923ec42\igd10iumd64.dll:igd10iumd64.dll (00007FF9A77D0000), size: 24887296 (result: 8), SymType: '-unknown-', PDB: '', fileVersion: 30.0.100.9864
  ERROR: LoadModule, GetLastError: 'Not enough memory resources are available to process this command.' (Address: 0000000000000000)
C:\WINDOWS\SYSTEM32\ncrypt.dll:ncrypt.dll (00007FF9B2D60000), size: 188416 (result: 8), SymType: '-unknown-', PDB: '', fileVersion: 10.0.22621.1485
  ERROR: LoadModule, GetLastError: 'Not enough memory resources are available to process this command.' (Address: 0000000000000000)
C:\WINDOWS\SYSTEM32\apphelp.dll:apphelp.dll (00007FF9B03E0000), size: 614400 (result: 8), SymType: '-unknown-', PDB: '', fileVersion: 10.0.22621.1485
  ERROR: LoadModule, GetLastError: 'Not enough memory resources are available to process this command.' (Address: 0000000000000000)
C:\WINDOWS\SYSTEM32\NTASN1.dll:NTASN1.dll (00007FF9B2D20000), size: 225280 (result: 8), SymType: '-unknown-', PDB: '', fileVersion: 10.0.22621.1
  ERROR: LoadModule, GetLastError: 'Not enough memory resources are available to process this command.' (Address: 0000000000000000)
C:\WINDOWS\System32\DriverStore\FileRepository\iigd_dch.inf_amd64_0a2eb8dac923ec42\igdgmm64.dll:igdgmm64.dll (00007FF9A6D40000), size: 3936256 (result: 8), SymType: '-unknown-', PDB: '', fileVersion: 30.0.100.9864
  ERROR: LoadModule, GetLastError: 'Not enough memory resources are available to process this command.' (Address: 0000000000000000)
C:\WINDOWS\System32\DriverStore\FileRepository\iigd_dch.inf_amd64_0a2eb8dac923ec42\igc64.dll:igc64.dll (00007FF9A3B30000), size: 52453376 (result: 8), SymType: '-unknown-', PDB: '', fileVersion: 30.0.100.9864
  ERROR: LoadModule, GetLastError: 'Not enough memory resources are available to process this command.' (Address: 0000000000000000)
C:\WINDOWS\system32\wbem\wbemprox.dll:wbemprox.dll (00007FF99E030000), size: 65536 (result: 8), SymType: '-unknown-', PDB: '', fileVersion: 10.0.22621.1
  ERROR: LoadModule, GetLastError: 'Not enough memory resources are available to process this command.' (Address: 0000000000000000)
C:\WINDOWS\SYSTEM32\wbemcomn.dll:wbemcomn.dll (00007FF99DE90000), size: 524288 (result: 8), SymType: '-unknown-', PDB: '', fileVersion: 10.0.22621.1
  ERROR: LoadModule, GetLastError: 'Not enough memory resources are available to process this command.' (Address: 0000000000000000)
C:\WINDOWS\system32\wbem\wbemsvc.dll:wbemsvc.dll (00007FF991EE0000), size: 81920 (result: 8), SymType: '-unknown-', PDB: '', fileVersion: 10.0.22621.1
  ERROR: LoadModule, GetLastError: 'Not enough memory resources are available to process this command.' (Address: 0000000000000000)
C:\WINDOWS\system32\wbem\fastprox.dll:fastprox.dll (00007FF991FD0000), size: 1015808 (result: 8), SymType: '-unknown-', PDB: '', fileVersion: 10.0.22621.608
  ERROR: LoadModule, GetLastError: 'Not enough memory resources are available to process this command.' (Address: 0000000000000000)
C:\WINDOWS\SYSTEM32\amsi.dll:amsi.dll (00007FF98FDF0000), size: 118784 (result: 8), SymType: '-unknown-', PDB: '', fileVersion: 10.0.22621.1
  ERROR: LoadModule, GetLastError: 'Not enough memory resources are available to process this command.' (Address: 0000000000000000)
C:\WINDOWS\SYSTEM32\USERENV.dll:USERENV.dll (00007FF9B2A70000), size: 163840 (result: 8), SymType: '-unknown-', PDB: '', fileVersion: 10.0.22621.1
  ERROR: LoadModule, GetLastError: 'Not enough memory resources are available to process this command.' (Address: 0000000000000000)
C:\ProgramData\Microsoft\Windows Defender\Platform\4.18.2303.8-0\MpOav.dll:MpOav.dll (00007FF98FCD0000), size: 503808 (result: 8), SymType: '-unknown-', PDB: '', fileVersion: 4.18.2303.8
  ERROR: LoadModule, GetLastError: 'Not enough memory resources are available to process this command.' (Address: 0000000000000000)
C:\WINDOWS\SYSTEM32\opencl.dll:opencl.dll (00007FF9A1C90000), size: 118784 (result: 8), SymType: '-unknown-', PDB: '', fileVersion: 3.0.1.0
  ERROR: LoadModule, GetLastError: 'Not enough memory resources are available to process this command.' (Address: 0000000000000000)
C:\Program Files\Unity\2021.3.22f1\Editor\radeonrays.dll:radeonrays.dll (00007FF989810000), size: 557056 (result: 8), SymType: '-unknown-', PDB: ''
  ERROR: LoadModule, GetLastError: 'Not enough memory resources are available to process this command.' (Address: 0000000000000000)
C:\Program Files\Unity\2021.3.22f1\Editor\Data\MonoBleedingEdge\EmbedRuntime\mono-2.0-bdwgc.dll:mono-2.0-bdwgc.dll (00007FF936020000), size: 10686464 (result: 8), SymType: '-unknown-', PDB: ''
  ERROR: LoadModule, GetLastError: 'Not enough memory resources are available to process this command.' (Address: 0000000000000000)
C:\WINDOWS\SYSTEM32\dbghelp.dll:dbghelp.dll (00007FF9B0DC0000), size: 2285568 (result: 8), SymType: '-unknown-', PDB: '', fileVersion: 10.0.22621.1
  ERROR: LoadModule, GetLastError: 'Not enough memory resources are available to process this command.' (Address: 0000000000000000)
C:\WINDOWS\System32\psapi.dll:psapi.dll (00007FF9B4600000), size: 32768 (result: 8), SymType: '-unknown-', PDB: '', fileVersion: 10.0.22621.1
  ERROR: LoadModule, GetLastError: 'Not enough memory resources are available to process this command.' (Address: 0000000000000000)
  ERROR: SymGetSymFromAddr64, GetLastError: 'Attempt to access invalid address.' (Address: 00007FF9B383FDEC)
0x00007FF9B383FDEC (KERNELBASE) (function-name not available)
  ERROR: SymGetSymFromAddr64, GetLastError: 'The specified module could not be found.' (Address: 00007FF93609064C)
  ERROR: SymGetModuleInfo64, GetLastError: 'A dynamic link library (DLL) initialization routine failed.' (Address: 00007FF93609064C)
0x00007FF93609064C ((<unknown>)) (function-name not available)
  ERROR: SymGetSymFromAddr64, GetLastError: 'The specified module could not be found.' (Address: 00007FF93607C4A2)
  ERROR: SymGetModuleInfo64, GetLastError: 'A dynamic link library (DLL) initialization routine failed.' (Address: 00007FF93607C4A2)
0x00007FF93607C4A2 ((<unknown>)) (function-name not available)
  ERROR: SymGetSymFromAddr64, GetLastError: 'The specified module could not be found.' (Address: 00007FF93607C508)
  ERROR: SymGetModuleInfo64, GetLastError: 'A dynamic link library (DLL) initialization routine failed.' (Address: 00007FF93607C508)
0x00007FF93607C508 ((<unknown>)) (function-name not available)
  ERROR: SymGetSymFromAddr64, GetLastError: 'The specified module could not be found.' (Address: 00007FF936196BE3)
  ERROR: SymGetModuleInfo64, GetLastError: 'A dynamic link library (DLL) initialization routine failed.' (Address: 00007FF936196BE3)
0x00007FF936196BE3 ((<unknown>)) (function-name not available)
  ERROR: SymGetSymFromAddr64, GetLastError: 'The specified module could not be found.' (Address: 00007FF936164FC5)
  ERROR: SymGetModuleInfo64, GetLastError: 'A dynamic link library (DLL) initialization routine failed.' (Address: 00007FF936164FC5)
0x00007FF936164FC5 ((<unknown>)) (function-name not available)
  ERROR: SymGetSymFromAddr64, GetLastError: 'The specified module could not be found.' (Address: 00007FF9360E494F)
  ERROR: SymGetModuleInfo64, GetLastError: 'A dynamic link library (DLL) initialization routine failed.' (Address: 00007FF9360E494F)
0x00007FF9360E494F ((<unknown>)) (function-name not available)
  ERROR: SymGetSymFromAddr64, GetLastError: 'The specified module could not be found.' (Address: 00007FF9360DB4D4)
  ERROR: SymGetModuleInfo64, GetLastError: 'A dynamic link library (DLL) initialization routine failed.' (Address: 00007FF9360DB4D4)
0x00007FF9360DB4D4 ((<unknown>)) (function-name not available)
  ERROR: SymGetSymFromAddr64, GetLastError: 'The specified module could not be found.' (Address: 00007FF93628AB73)
  ERROR: SymGetModuleInfo64, GetLastError: 'A dynamic link library (DLL) initialization routine failed.' (Address: 00007FF93628AB73)
0x00007FF93628AB73 ((<unknown>)) (function-name not available)
  ERROR: SymGetSymFromAddr64, GetLastError: 'Attempt to access invalid address.' (Address: 00007FF7A2671AE1)
0x00007FF7A2671AE1 (Unity) (function-name not available)
  ERROR: SymGetSymFromAddr64, GetLastError: 'Attempt to access invalid address.' (Address: 00007FF7A2617880)
0x00007FF7A2617880 (Unity) (function-name not available)
  ERROR: SymGetSymFromAddr64, GetLastError: 'Attempt to access invalid address.' (Address: 00007FF7A261884F)
0x00007FF7A261884F (Unity) (function-name not available)
  ERROR: SymGetSymFromAddr64, GetLastError: 'Attempt to access invalid address.' (Address: 00007FF7A26467C3)
0x00007FF7A26467C3 (Unity) (function-name not available)
  ERROR: SymGetSymFromAddr64, GetLastError: 'Attempt to access invalid address.' (Address: 00007FF7A263BC33)
0x00007FF7A263BC33 (Unity) (function-name not available)
  ERROR: SymGetSymFromAddr64, GetLastError: 'Attempt to access invalid address.' (Address: 00007FF7A2643B58)
0x00007FF7A2643B58 (Unity) (function-name not available)
  ERROR: SymGetSymFromAddr64, GetLastError: 'Attempt to access invalid address.' (Address: 00007FF7A35A589E)
0x00007FF7A35A589E (Unity) (function-name not available)
  ERROR: SymGetSymFromAddr64, GetLastError: 'Attempt to access invalid address.' (Address: 00007FF7A328FCE0)
0x00007FF7A328FCE0 (Unity) (function-name not available)
  ERROR: SymGetSymFromAddr64, GetLastError: 'Attempt to access invalid address.' (Address: 00007FF7A36F5588)
0x00007FF7A36F5588 (Unity) (function-name not available)
  ERROR: SymGetSymFromAddr64, GetLastError: 'Attempt to access invalid address.' (Address: 00007FF7A4AD315E)
0x00007FF7A4AD315E (Unity) (function-name not available)
  ERROR: SymGetSymFromAddr64, GetLastError: 'Attempt to access invalid address.' (Address: 00007FF9B4CA269D)
0x00007FF9B4CA269D (KERNEL32) (function-name not available)
  ERROR: SymGetSymFromAddr64, GetLastError: 'Attempt to access invalid address.' (Address: 00007FF9B60CA9F8)
0x00007FF9B60CA9F8 (ntdll) (function-name not available)

========== END OF STACKTRACE ===========

A crash has been intercepted by the crash handler. For call stack and other details, see the latest crash report generated in:
 * C:/Users/Maxsys/AppData/Local/Temp/Unity/Editor/Crashes
